{"/Users/kashifdelvi/vue-concepts/concepts/src/App.vue": {"path":"/Users/kashifdelvi/vue-concepts/concepts/src/App.vue","statementMap":{"0":{"start":{"line":7,"column":15},"end":{"line":7,"column":null}}},"fnMap":{},"branchMap":{},"s":{"0":2},"f":{},"b":{}}
,"/Users/kashifdelvi/vue-concepts/concepts/src/main copy.js": {"path":"/Users/kashifdelvi/vue-concepts/concepts/src/main copy.js","statementMap":{"0":{"start":{"line":26,"column":0},"end":{"line":31,"column":2}},"1":{"start":{"line":27,"column":4},"end":{"line":27,"column":40}},"2":{"start":{"line":28,"column":4},"end":{"line":28,"column":22}},"3":{"start":{"line":29,"column":4},"end":{"line":29,"column":20}},"4":{"start":{"line":30,"column":4},"end":{"line":30,"column":11}},"5":{"start":{"line":33,"column":0},"end":{"line":36,"column":2}},"6":{"start":{"line":34,"column":4},"end":{"line":34,"column":22}},"7":{"start":{"line":35,"column":4},"end":{"line":35,"column":20}},"8":{"start":{"line":38,"column":12},"end":{"line":38,"column":30}},"9":{"start":{"line":43,"column":0},"end":{"line":51,"column":3}},"10":{"start":{"line":45,"column":4},"end":{"line":45,"column":32}},"11":{"start":{"line":46,"column":4},"end":{"line":46,"column":18}},"12":{"start":{"line":49,"column":4},"end":{"line":49,"column":38}},"13":{"start":{"line":50,"column":4},"end":{"line":50,"column":33}},"14":{"start":{"line":54,"column":0},"end":{"line":64,"column":3}},"15":{"start":{"line":57,"column":4},"end":{"line":57,"column":33}},"16":{"start":{"line":58,"column":4},"end":{"line":58,"column":20}},"17":{"start":{"line":62,"column":4},"end":{"line":62,"column":39}},"18":{"start":{"line":63,"column":4},"end":{"line":63,"column":33}},"19":{"start":{"line":68,"column":0},"end":{"line":68,"column":22}},"20":{"start":{"line":69,"column":0},"end":{"line":69,"column":16}},"21":{"start":{"line":70,"column":0},"end":{"line":70,"column":24}},"22":{"start":{"line":72,"column":0},"end":{"line":72,"column":17}}},"fnMap":{"0":{"name":"(anonymous_0)","decl":{"start":{"line":26,"column":18},"end":{"line":26,"column":19}},"loc":{"start":{"line":26,"column":40},"end":{"line":31,"column":1}},"line":26},"1":{"name":"(anonymous_1)","decl":{"start":{"line":33,"column":17},"end":{"line":33,"column":18}},"loc":{"start":{"line":33,"column":34},"end":{"line":36,"column":1}},"line":33},"2":{"name":"(anonymous_2)","decl":{"start":{"line":43,"column":31},"end":{"line":43,"column":32}},"loc":{"start":{"line":43,"column":49},"end":{"line":47,"column":3}},"line":43},"3":{"name":"(anonymous_3)","decl":{"start":{"line":47,"column":5},"end":{"line":47,"column":6}},"loc":{"start":{"line":47,"column":22},"end":{"line":51,"column":1}},"line":47},"4":{"name":"(anonymous_4)","decl":{"start":{"line":54,"column":32},"end":{"line":54,"column":33}},"loc":{"start":{"line":54,"column":52},"end":{"line":59,"column":3}},"line":54},"5":{"name":"(anonymous_5)","decl":{"start":{"line":59,"column":5},"end":{"line":59,"column":6}},"loc":{"start":{"line":59,"column":22},"end":{"line":64,"column":1}},"line":59}},"branchMap":{},"s":{"0":0,"1":0,"2":0,"3":0,"4":0,"5":0,"6":0,"7":0,"8":0,"9":0,"10":0,"11":0,"12":0,"13":0,"14":0,"15":0,"16":0,"17":0,"18":0,"19":0,"20":0,"21":0,"22":0},"f":{"0":0,"1":0,"2":0,"3":0,"4":0,"5":0},"b":{}}
,"/Users/kashifdelvi/vue-concepts/concepts/src/main.js": {"path":"/Users/kashifdelvi/vue-concepts/concepts/src/main.js","statementMap":{"0":{"start":{"line":9,"column":12},"end":{"line":9,"column":30}},"1":{"start":{"line":10,"column":0},"end":{"line":10,"column":15}},"2":{"start":{"line":11,"column":0},"end":{"line":11,"column":23}},"3":{"start":{"line":12,"column":0},"end":{"line":12,"column":16}},"4":{"start":{"line":13,"column":0},"end":{"line":13,"column":17}}},"fnMap":{},"branchMap":{},"s":{"0":0,"1":0,"2":0,"3":0,"4":0},"f":{},"b":{}}
,"/Users/kashifdelvi/vue-concepts/concepts/src/api/axios.js": {"path":"/Users/kashifdelvi/vue-concepts/concepts/src/api/axios.js","statementMap":{"0":{"start":{"line":10,"column":22},"end":{"line":14,"column":2}},"1":{"start":{"line":16,"column":0},"end":{"line":16,"column":59}},"2":{"start":{"line":17,"column":0},"end":{"line":17,"column":60}}},"fnMap":{},"branchMap":{},"s":{"0":2,"1":2,"2":2},"f":{},"b":{},"_coverageSchema":"1a1c01bbd47fc00a2c39e90264f33305004495a9","hash":"567afb94586b5914f4f524376dd16100639db4e0"}
,"/Users/kashifdelvi/vue-concepts/concepts/src/api/config.js": {"path":"/Users/kashifdelvi/vue-concepts/concepts/src/api/config.js","statementMap":{"0":{"start":{"line":1,"column":15},"end":{"line":4,"column":2}}},"fnMap":{},"branchMap":{},"s":{"0":2},"f":{},"b":{},"_coverageSchema":"1a1c01bbd47fc00a2c39e90264f33305004495a9","hash":"e6355348c56a1629ed47884cba532196ea125b63"}
,"/Users/kashifdelvi/vue-concepts/concepts/src/api/endpoints.js": {"path":"/Users/kashifdelvi/vue-concepts/concepts/src/api/endpoints.js","statementMap":{"0":{"start":{"line":1,"column":17},"end":{"line":1,"column":26}},"1":{"start":{"line":2,"column":17},"end":{"line":2,"column":26}},"2":{"start":{"line":3,"column":20},"end":{"line":3,"column":32}}},"fnMap":{},"branchMap":{},"s":{"0":2,"1":2,"2":2},"f":{},"b":{},"_coverageSchema":"1a1c01bbd47fc00a2c39e90264f33305004495a9","hash":"04f80b2c8c2702aff105630e69e393900b5e0af1"}
,"/Users/kashifdelvi/vue-concepts/concepts/src/api/interceptors.js": {"path":"/Users/kashifdelvi/vue-concepts/concepts/src/api/interceptors.js","statementMap":{"0":{"start":{"line":1,"column":18},"end":{"line":6,"column":1}},"1":{"start":{"line":5,"column":4},"end":{"line":5,"column":22}},"2":{"start":{"line":8,"column":17},"end":{"line":11,"column":1}},"3":{"start":{"line":9,"column":4},"end":{"line":9,"column":43}},"4":{"start":{"line":10,"column":4},"end":{"line":10,"column":33}},"5":{"start":{"line":13,"column":18},"end":{"line":18,"column":1}},"6":{"start":{"line":14,"column":4},"end":{"line":17,"column":6}},"7":{"start":{"line":20,"column":17},"end":{"line":25,"column":1}},"8":{"start":{"line":21,"column":20},"end":{"line":21,"column":110}},"9":{"start":{"line":22,"column":4},"end":{"line":22,"column":27}},"10":{"start":{"line":23,"column":4},"end":{"line":23,"column":25}},"11":{"start":{"line":24,"column":4},"end":{"line":24,"column":35}}},"fnMap":{"0":{"name":"(anonymous_0)","decl":{"start":{"line":1,"column":18},"end":{"line":1,"column":19}},"loc":{"start":{"line":1,"column":36},"end":{"line":6,"column":1}},"line":1},"1":{"name":"(anonymous_1)","decl":{"start":{"line":8,"column":17},"end":{"line":8,"column":18}},"loc":{"start":{"line":8,"column":34},"end":{"line":11,"column":1}},"line":8},"2":{"name":"(anonymous_2)","decl":{"start":{"line":13,"column":18},"end":{"line":13,"column":19}},"loc":{"start":{"line":13,"column":38},"end":{"line":18,"column":1}},"line":13},"3":{"name":"(anonymous_3)","decl":{"start":{"line":20,"column":17},"end":{"line":20,"column":18}},"loc":{"start":{"line":20,"column":34},"end":{"line":25,"column":1}},"line":20}},"branchMap":{"0":{"loc":{"start":{"line":16,"column":18},"end":{"line":16,"column":64}},"type":"cond-expr","locations":[{"start":{"line":16,"column":43},"end":{"line":16,"column":52}},{"start":{"line":16,"column":55},"end":{"line":16,"column":64}}],"line":16},"1":{"loc":{"start":{"line":21,"column":20},"end":{"line":21,"column":110}},"type":"cond-expr","locations":[{"start":{"line":21,"column":50},"end":{"line":21,"column":86}},{"start":{"line":21,"column":89},"end":{"line":21,"column":110}}],"line":21}},"s":{"0":2,"1":1,"2":2,"3":0,"4":0,"5":2,"6":0,"7":2,"8":0,"9":0,"10":0,"11":0},"f":{"0":1,"1":0,"2":0,"3":0},"b":{"0":[0,0],"1":[0,0]},"_coverageSchema":"1a1c01bbd47fc00a2c39e90264f33305004495a9","hash":"b52dfe2a25d73a0e09f71b1ca8325ffd0b097d04"}
,"/Users/kashifdelvi/vue-concepts/concepts/src/components/TheFoodForm.vue": {"path":"/Users/kashifdelvi/vue-concepts/concepts/src/components/TheFoodForm.vue","statementMap":{"0":{"start":{"line":29,"column":19},"end":{"line":29,"column":null}},"1":{"start":{"line":31,"column":8},"end":{"line":31,"column":15}},"2":{"start":{"line":42,"column":10},"end":{"line":42,"column":15}}},"fnMap":{"0":{"name":"(anonymous_0)","decl":{"start":{"line":30,"column":4},"end":{"line":30,"column":8}},"loc":{"start":{"line":30,"column":11},"end":{"line":39,"column":null}}},"1":{"name":"(anonymous_1)","decl":{"start":{"line":41,"column":8},"end":{"line":41,"column":16}},"loc":{"start":{"line":41,"column":19},"end":{"line":43,"column":null}}}},"branchMap":{},"s":{"0":2,"1":0,"2":0},"f":{"0":0,"1":0},"b":{}}
,"/Users/kashifdelvi/vue-concepts/concepts/src/container/FoodComponent.vue": {"path":"/Users/kashifdelvi/vue-concepts/concepts/src/container/FoodComponent.vue","statementMap":{"0":{"start":{"line":17,"column":14},"end":{"line":17,"column":null}},"1":{"start":{"line":20,"column":8},"end":{"line":20,"column":15}},"2":{"start":{"line":47,"column":12},"end":{"line":47,"column":19}},"3":{"start":{"line":51,"column":12},"end":{"line":51,"column":17}},"4":{"start":{"line":52,"column":16},"end":{"line":52,"column":23}},"5":{"start":{"line":69,"column":12},"end":{"line":69,"column":17}}},"fnMap":{"0":{"name":"(anonymous_0)","decl":{"start":{"line":19,"column":4},"end":{"line":19,"column":8}},"loc":{"start":{"line":19,"column":10},"end":{"line":44,"column":null}}},"1":{"name":"(anonymous_1)","decl":{"start":{"line":46,"column":8},"end":{"line":46,"column":17}},"loc":{"start":{"line":46,"column":21},"end":{"line":48,"column":null}}},"2":{"name":"(anonymous_2)","decl":{"start":{"line":49,"column":8},"end":{"line":49,"column":16}},"loc":{"start":{"line":49,"column":18},"end":{"line":70,"column":null}}},"3":{"name":"(anonymous_3)","decl":{"start":{"line":51,"column":92},"end":{"line":51,"column":93}},"loc":{"start":{"line":51,"column":106},"end":{"line":53,"column":null}}}},"branchMap":{},"s":{"0":1,"1":0,"2":0,"3":0,"4":0,"5":0},"f":{"0":0,"1":0,"2":0,"3":0},"b":{}}
,"/Users/kashifdelvi/vue-concepts/concepts/src/container/FoodDetailComponent.vue": {"path":"/Users/kashifdelvi/vue-concepts/concepts/src/container/FoodDetailComponent.vue","statementMap":{"0":{"start":{"line":8,"column":14},"end":{"line":8,"column":null}}},"fnMap":{},"branchMap":{},"s":{"0":1},"f":{},"b":{}}
,"/Users/kashifdelvi/vue-concepts/concepts/src/mixin/callToServer.js": {"path":"/Users/kashifdelvi/vue-concepts/concepts/src/mixin/callToServer.js","statementMap":{"0":{"start":{"line":8,"column":8},"end":{"line":12,"column":9}},"1":{"start":{"line":16,"column":12},"end":{"line":16,"column":42}},"2":{"start":{"line":20,"column":8},"end":{"line":20,"column":48}},"3":{"start":{"line":21,"column":8},"end":{"line":21,"column":34}},"4":{"start":{"line":22,"column":8},"end":{"line":22,"column":25}},"5":{"start":{"line":25,"column":8},"end":{"line":25,"column":34}},"6":{"start":{"line":26,"column":8},"end":{"line":26,"column":26}},"7":{"start":{"line":27,"column":8},"end":{"line":27,"column":24}},"8":{"start":{"line":28,"column":8},"end":{"line":32,"column":9}},"9":{"start":{"line":29,"column":12},"end":{"line":29,"column":19}},"10":{"start":{"line":31,"column":12},"end":{"line":31,"column":30}},"11":{"start":{"line":36,"column":8},"end":{"line":36,"column":34}},"12":{"start":{"line":37,"column":8},"end":{"line":37,"column":26}},"13":{"start":{"line":38,"column":8},"end":{"line":38,"column":24}},"14":{"start":{"line":39,"column":8},"end":{"line":39,"column":15}}},"fnMap":{"0":{"name":"(anonymous_0)","decl":{"start":{"line":7,"column":4},"end":{"line":7,"column":5}},"loc":{"start":{"line":7,"column":10},"end":{"line":13,"column":5}},"line":7},"1":{"name":"(anonymous_1)","decl":{"start":{"line":15,"column":8},"end":{"line":15,"column":9}},"loc":{"start":{"line":15,"column":15},"end":{"line":17,"column":9}},"line":15},"2":{"name":"(anonymous_2)","decl":{"start":{"line":19,"column":4},"end":{"line":19,"column":5}},"loc":{"start":{"line":19,"column":13},"end":{"line":23,"column":5}},"line":19},"3":{"name":"(anonymous_3)","decl":{"start":{"line":24,"column":4},"end":{"line":24,"column":5}},"loc":{"start":{"line":24,"column":34},"end":{"line":34,"column":5}},"line":24},"4":{"name":"(anonymous_4)","decl":{"start":{"line":35,"column":4},"end":{"line":35,"column":5}},"loc":{"start":{"line":35,"column":34},"end":{"line":40,"column":5}},"line":35}},"branchMap":{"0":{"loc":{"start":{"line":28,"column":8},"end":{"line":32,"column":9}},"type":"if","locations":[{"start":{"line":28,"column":8},"end":{"line":32,"column":9}},{"start":{"line":30,"column":15},"end":{"line":32,"column":9}}],"line":28}},"s":{"0":2,"1":0,"2":2,"3":2,"4":2,"5":0,"6":0,"7":0,"8":0,"9":0,"10":0,"11":0,"12":0,"13":0,"14":0},"f":{"0":2,"1":0,"2":2,"3":0,"4":0},"b":{"0":[0,0]},"_coverageSchema":"1a1c01bbd47fc00a2c39e90264f33305004495a9","hash":"c1ab4964e3e64c2cc4f716614feadc85142ea7df"}
,"/Users/kashifdelvi/vue-concepts/concepts/src/route/router.js": {"path":"/Users/kashifdelvi/vue-concepts/concepts/src/route/router.js","statementMap":{"0":{"start":{"line":5,"column":15},"end":{"line":8,"column":2}},"1":{"start":{"line":12,"column":0},"end":{"line":17,"column":2}},"2":{"start":{"line":13,"column":4},"end":{"line":13,"column":40}},"3":{"start":{"line":14,"column":4},"end":{"line":14,"column":22}},"4":{"start":{"line":15,"column":4},"end":{"line":15,"column":20}},"5":{"start":{"line":16,"column":4},"end":{"line":16,"column":11}},"6":{"start":{"line":19,"column":0},"end":{"line":22,"column":2}},"7":{"start":{"line":20,"column":4},"end":{"line":20,"column":22}},"8":{"start":{"line":21,"column":4},"end":{"line":21,"column":20}}},"fnMap":{"0":{"name":"(anonymous_0)","decl":{"start":{"line":12,"column":18},"end":{"line":12,"column":19}},"loc":{"start":{"line":12,"column":40},"end":{"line":17,"column":1}},"line":12},"1":{"name":"(anonymous_1)","decl":{"start":{"line":19,"column":17},"end":{"line":19,"column":18}},"loc":{"start":{"line":19,"column":34},"end":{"line":22,"column":1}},"line":19}},"branchMap":{},"s":{"0":0,"1":0,"2":0,"3":0,"4":0,"5":0,"6":0,"7":0,"8":0},"f":{"0":0,"1":0},"b":{}}
,"/Users/kashifdelvi/vue-concepts/concepts/src/route/routes.js": {"path":"/Users/kashifdelvi/vue-concepts/concepts/src/route/routes.js","statementMap":{"0":{"start":{"line":6,"column":15},"end":{"line":24,"column":1}}},"fnMap":{},"branchMap":{},"s":{"0":1},"f":{},"b":{},"_coverageSchema":"1a1c01bbd47fc00a2c39e90264f33305004495a9","hash":"7c51add6b7c2b54513920617861e833b48144b8f"}
,"/Users/kashifdelvi/vue-concepts/concepts/src/services/api.js": {"path":"/Users/kashifdelvi/vue-concepts/concepts/src/services/api.js","statementMap":{"0":{"start":{"line":1,"column":12},"end":{"line":1,"column":14}}},"fnMap":{},"branchMap":{},"s":{"0":0},"f":{},"b":{}}
,"/Users/kashifdelvi/vue-concepts/concepts/src/store/index.js": {"path":"/Users/kashifdelvi/vue-concepts/concepts/src/store/index.js","statementMap":{"0":{"start":{"line":5,"column":14},"end":{"line":10,"column":2}}},"fnMap":{},"branchMap":{},"s":{"0":0},"f":{},"b":{}}
,"/Users/kashifdelvi/vue-concepts/concepts/src/store/modules/authentication/actions.js": {"path":"/Users/kashifdelvi/vue-concepts/concepts/src/store/modules/authentication/actions.js","statementMap":{},"fnMap":{},"branchMap":{},"s":{},"f":{},"b":{}}
,"/Users/kashifdelvi/vue-concepts/concepts/src/store/modules/authentication/getters.js": {"path":"/Users/kashifdelvi/vue-concepts/concepts/src/store/modules/authentication/getters.js","statementMap":{},"fnMap":{},"branchMap":{},"s":{},"f":{},"b":{}}
,"/Users/kashifdelvi/vue-concepts/concepts/src/store/modules/authentication/index.js": {"path":"/Users/kashifdelvi/vue-concepts/concepts/src/store/modules/authentication/index.js","statementMap":{"0":{"start":{"line":5,"column":19},"end":{"line":15,"column":1}},"1":{"start":{"line":8,"column":6},"end":{"line":10,"column":8}}},"fnMap":{"0":{"name":"(anonymous_0)","decl":{"start":{"line":7,"column":4},"end":{"line":7,"column":5}},"loc":{"start":{"line":7,"column":12},"end":{"line":11,"column":5}},"line":7}},"branchMap":{},"s":{"0":0,"1":0},"f":{"0":0},"b":{}}
,"/Users/kashifdelvi/vue-concepts/concepts/src/store/modules/authentication/mutations.js": {"path":"/Users/kashifdelvi/vue-concepts/concepts/src/store/modules/authentication/mutations.js","statementMap":{},"fnMap":{},"branchMap":{},"s":{},"f":{},"b":{}}
,"/Users/kashifdelvi/vue-concepts/concepts/src/store/modules/food/actions.js": {"path":"/Users/kashifdelvi/vue-concepts/concepts/src/store/modules/food/actions.js","statementMap":{"0":{"start":{"line":3,"column":6},"end":{"line":3,"column":45}},"1":{"start":{"line":6,"column":6},"end":{"line":6,"column":38}},"2":{"start":{"line":7,"column":6},"end":{"line":7,"column":24}}},"fnMap":{"0":{"name":"(anonymous_0)","decl":{"start":{"line":2,"column":4},"end":{"line":2,"column":5}},"loc":{"start":{"line":2,"column":34},"end":{"line":4,"column":5}},"line":2},"1":{"name":"(anonymous_1)","decl":{"start":{"line":5,"column":4},"end":{"line":5,"column":5}},"loc":{"start":{"line":5,"column":24},"end":{"line":8,"column":5}},"line":5}},"branchMap":{},"s":{"0":0,"1":0,"2":0},"f":{"0":0,"1":0},"b":{},"_coverageSchema":"1a1c01bbd47fc00a2c39e90264f33305004495a9","hash":"91fb0cd64c6158851d39f0a93da12226742205f3"}
,"/Users/kashifdelvi/vue-concepts/concepts/src/store/modules/food/getters.js": {"path":"/Users/kashifdelvi/vue-concepts/concepts/src/store/modules/food/getters.js","statementMap":{"0":{"start":{"line":3,"column":6},"end":{"line":3,"column":24}},"1":{"start":{"line":6,"column":6},"end":{"line":6,"column":33}}},"fnMap":{"0":{"name":"(anonymous_0)","decl":{"start":{"line":2,"column":4},"end":{"line":2,"column":5}},"loc":{"start":{"line":2,"column":19},"end":{"line":4,"column":5}},"line":2},"1":{"name":"(anonymous_1)","decl":{"start":{"line":5,"column":4},"end":{"line":5,"column":5}},"loc":{"start":{"line":5,"column":28},"end":{"line":7,"column":5}},"line":5}},"branchMap":{},"s":{"0":0,"1":0},"f":{"0":0,"1":0},"b":{},"_coverageSchema":"1a1c01bbd47fc00a2c39e90264f33305004495a9","hash":"863929c879a813359eb7714ded7f6ceb43279414"}
,"/Users/kashifdelvi/vue-concepts/concepts/src/store/modules/food/index.js": {"path":"/Users/kashifdelvi/vue-concepts/concepts/src/store/modules/food/index.js","statementMap":{"0":{"start":{"line":5,"column":19},"end":{"line":29,"column":1}},"1":{"start":{"line":8,"column":6},"end":{"line":24,"column":8}}},"fnMap":{"0":{"name":"(anonymous_0)","decl":{"start":{"line":7,"column":4},"end":{"line":7,"column":5}},"loc":{"start":{"line":7,"column":12},"end":{"line":25,"column":5}},"line":7}},"branchMap":{},"s":{"0":1,"1":0},"f":{"0":0},"b":{},"_coverageSchema":"1a1c01bbd47fc00a2c39e90264f33305004495a9","hash":"368421692a2eedcad4acd13fee76e611d03fe7e0"}
,"/Users/kashifdelvi/vue-concepts/concepts/src/store/modules/food/mutations.js": {"path":"/Users/kashifdelvi/vue-concepts/concepts/src/store/modules/food/mutations.js","statementMap":{"0":{"start":{"line":3,"column":6},"end":{"line":3,"column":26}}},"fnMap":{"0":{"name":"(anonymous_0)","decl":{"start":{"line":2,"column":4},"end":{"line":2,"column":5}},"loc":{"start":{"line":2,"column":32},"end":{"line":4,"column":5}},"line":2}},"branchMap":{},"s":{"0":0},"f":{"0":0},"b":{},"_coverageSchema":"1a1c01bbd47fc00a2c39e90264f33305004495a9","hash":"470b9b6d1f71339c2936d49b86eb867c2cee8288"}
}
